{
  "stats": {
    "suites": 1,
    "tests": 1,
    "passes": 1,
    "pending": 0,
    "failures": 0,
    "start": "2024-09-17T19:34:55.138Z",
    "end": "2024-09-17T19:35:36.954Z",
    "duration": 41816,
    "testsRegistered": 1,
    "passPercent": 100,
    "pendingPercent": 0,
    "other": 0,
    "hasOther": false,
    "skipped": 0,
    "hasSkipped": false
  },
  "results": [
    {
      "uuid": "4b8e82df-f031-4beb-84e7-7d113033844c",
      "title": "",
      "fullFile": "cypress\\e2e\\telnyx.spec.js",
      "file": "cypress\\e2e\\telnyx.spec.js",
      "beforeHooks": [],
      "afterHooks": [],
      "tests": [],
      "suites": [
        {
          "uuid": "9620f1d7-26c1-4182-b126-5564791842a5",
          "title": "telnyx check",
          "fullFile": "",
          "file": "",
          "beforeHooks": [],
          "afterHooks": [],
          "tests": [
            {
              "title": "password reset",
              "fullTitle": "telnyx check password reset",
              "timedOut": null,
              "duration": 35114,
              "state": "passed",
              "speed": "slow",
              "pass": true,
              "fail": false,
              "pending": false,
              "context": null,
              "code": "mainPage.loginButton.should(\"be.visible\").should(\"have.attr\", \"target\", \"_blank\").invoke(\"removeAttr\", \"target\").click();\nloginPage.title.should(\"be.visible\").should(\"have.text\", \"Log in\");\nloginPage.forgotPassword.should(\"be.visible\").should(\"have.text\", \"Forgot your password?\").click();\nloginPage.passwordReset.should(\"be.visible\").should(\"have.text\", \"Password Reset\");\nloginPage.labelForEmail.should(\"be.visible\").should(\"have.text\", \"Your Email Address *\");\nloginPage.emailInput.should(\"be.visible\").type(email).should(\"have.attr\", \"aria-invalid\", \"false\");\nloginPage.resetButton.should(\"be.visible\").should(\"be.enabled\").click();\nloginPage.resetMessage.should(\"be.visible\").should(\"have.text\", \"We have accepted your password reset request. If you have a Telnyx account and are unable to reset your password successfully, please contact support for assistance.\");",
              "err": {},
              "uuid": "74700309-0c16-4527-8909-a16ac4f9bc37",
              "parentUUID": "9620f1d7-26c1-4182-b126-5564791842a5",
              "isHook": false,
              "skipped": false
            }
          ],
          "suites": [],
          "passes": [
            "74700309-0c16-4527-8909-a16ac4f9bc37"
          ],
          "failures": [],
          "pending": [],
          "skipped": [],
          "duration": 35114,
          "root": false,
          "rootEmpty": false,
          "_timeout": 2000
        }
      ],
      "passes": [],
      "failures": [],
      "pending": [],
      "skipped": [],
      "duration": 0,
      "root": true,
      "rootEmpty": true,
      "_timeout": 2000
    }
  ],
  "meta": {
    "mocha": {
      "version": "7.0.1"
    },
    "mochawesome": {
      "options": {
        "quiet": false,
        "reportFilename": "mochawesome",
        "saveHtml": false,
        "saveJson": true,
        "consoleReporter": "spec",
        "useInlineDiffs": false,
        "code": true
      },
      "version": "7.1.3"
    },
    "marge": {
      "options": {
        "reportDir": "cypress/results",
        "overwrite": false,
        "html": false,
        "json": true
      },
      "version": "6.2.0"
    }
  }
}