{
  "stats": {
    "suites": 1,
    "tests": 2,
    "passes": 0,
    "pending": 0,
    "failures": 2,
    "start": "2024-09-21T20:11:43.932Z",
    "end": "2024-09-21T20:15:04.509Z",
    "duration": 200577,
    "testsRegistered": 2,
    "passPercent": 0,
    "pendingPercent": 0,
    "other": 0,
    "hasOther": false,
    "skipped": 0,
    "hasSkipped": false
  },
  "results": [
    {
      "uuid": "0fa2df49-0538-4e76-8581-467f49414fde",
      "title": "",
      "fullFile": "cypress\\e2e\\telnyx.spec.js",
      "file": "cypress\\e2e\\telnyx.spec.js",
      "beforeHooks": [],
      "afterHooks": [],
      "tests": [],
      "suites": [
        {
          "uuid": "6bc55be9-b713-4eed-9b6a-8850c5406574",
          "title": "telnyx check",
          "fullFile": "",
          "file": "",
          "beforeHooks": [],
          "afterHooks": [],
          "tests": [
            {
              "title": "sign up for our marketing newsletter",
              "fullTitle": "telnyx check sign up for our marketing newsletter",
              "timedOut": null,
              "duration": 23116,
              "state": "failed",
              "speed": null,
              "pass": false,
              "fail": true,
              "pending": false,
              "context": null,
              "code": "cy.get(\"body\").invoke(\"css\", \"overflow\", \"visible\");\nmainPage.connectWithUs.scrollIntoView({\n  behavior: \"smooth\",\n  block: \"center\"\n}).should(\"be.visible\", {\n  timeout: 20000\n});\nmainPage.emailInput.should(\"be.visible\").should(\"have.attr\", \"placeholder\", \"Enter business email\").type(email).focus().should(\"have.css\", \"border-color\", \"rgb(0, 163, 122)\");\nmainPage.submitButton.should(\"be.visible\").should(\"be.enabled\").click();\nsignUpPage.title.should(\"have.text\", \"Create a Telnyx account\");\ncy.get(\"body\").invoke(\"css\", \"overflow\", \"\");",
              "err": {
                "message": "AssertionError: Timed out retrying after 10000ms: expected '<h2.c-PJLV.c-fKwEGa.c-PJLV-jgSmhu-alt-true.c-PJLV-ihBhmYj-css>' to be 'visible'\n\nThis element `<h2.c-PJLV.c-fKwEGa.c-PJLV-jgSmhu-alt-true.c-PJLV-ihBhmYj-css>` is not visible because its content is being clipped by one of its parent elements, which has a CSS property of overflow: `hidden`, `scroll` or `auto`",
                "estack": "AssertionError: Timed out retrying after 10000ms: expected '<h2.c-PJLV.c-fKwEGa.c-PJLV-jgSmhu-alt-true.c-PJLV-ihBhmYj-css>' to be 'visible'\n\nThis element `<h2.c-PJLV.c-fKwEGa.c-PJLV-jgSmhu-alt-true.c-PJLV-ihBhmYj-css>` is not visible because its content is being clipped by one of its parent elements, which has a CSS property of overflow: `hidden`, `scroll` or `auto`\n    at Context.eval (webpack://telnyx.com/./cypress/e2e/telnyx.spec.js:134:83)",
                "diff": null
              },
              "uuid": "ae18860c-09bb-43c4-b586-3f01a5a1130a",
              "parentUUID": "6bc55be9-b713-4eed-9b6a-8850c5406574",
              "isHook": false,
              "skipped": false
            },
            {
              "title": "check Facebook redirecting",
              "fullTitle": "telnyx check check Facebook redirecting",
              "timedOut": null,
              "duration": 26921,
              "state": "failed",
              "speed": null,
              "pass": false,
              "fail": true,
              "pending": false,
              "context": null,
              "code": "mainPage.socialMedia.scrollIntoView({\n  behavior: \"smooth\",\n  block: \"center\"\n}).should(\"be.visible\", {\n  timeout: 20000\n});\nmainPage.fB.should(\"be.visible\").should(\"have.attr\", \"target\", \"_blank\").invoke(\"removeAttr\", \"target\").click();\ncy.origin(\"https://www.facebook.com/Telnyx/\", () => {\n  cy.url().should(\"include\", \"facebook.com/Telnyx/\", {\n    timeout: 15000\n  });\n});",
              "err": {
                "message": "AssertionError: Timed out retrying after 10000ms: expected '<ul.c-ejcPbY>' to be 'visible'\n\nThis element `<ul.c-ejcPbY>` is not visible because its content is being clipped by one of its parent elements, which has a CSS property of overflow: `hidden`, `scroll` or `auto`",
                "estack": "AssertionError: Timed out retrying after 10000ms: expected '<ul.c-ejcPbY>' to be 'visible'\n\nThis element `<ul.c-ejcPbY>` is not visible because its content is being clipped by one of its parent elements, which has a CSS property of overflow: `hidden`, `scroll` or `auto`\n    at Context.eval (webpack://telnyx.com/./cypress/e2e/telnyx.spec.js:168:81)",
                "diff": null
              },
              "uuid": "5d6db2da-94c3-4bfe-b3df-318828bcd0c6",
              "parentUUID": "6bc55be9-b713-4eed-9b6a-8850c5406574",
              "isHook": false,
              "skipped": false
            }
          ],
          "suites": [],
          "passes": [],
          "failures": [
            "ae18860c-09bb-43c4-b586-3f01a5a1130a",
            "5d6db2da-94c3-4bfe-b3df-318828bcd0c6"
          ],
          "pending": [],
          "skipped": [],
          "duration": 50037,
          "root": false,
          "rootEmpty": false,
          "_timeout": 2000
        }
      ],
      "passes": [],
      "failures": [],
      "pending": [],
      "skipped": [],
      "duration": 0,
      "root": true,
      "rootEmpty": true,
      "_timeout": 2000
    }
  ],
  "meta": {
    "mocha": {
      "version": "7.0.1"
    },
    "mochawesome": {
      "options": {
        "quiet": false,
        "reportFilename": "mochawesome",
        "saveHtml": false,
        "saveJson": true,
        "consoleReporter": "spec",
        "useInlineDiffs": false,
        "code": true
      },
      "version": "7.1.3"
    },
    "marge": {
      "options": {
        "reportDir": "cypress/results",
        "overwrite": false,
        "html": false,
        "json": true
      },
      "version": "6.2.0"
    }
  }
}