{
  "stats": {
    "suites": 1,
    "tests": 10,
    "passes": 7,
    "pending": 3,
    "failures": 0,
    "testsRegistered": 10,
    "passPercent": 70,
    "pendingPercent": 30,
    "other": 0,
    "hasOther": false,
    "skipped": 0,
    "hasSkipped": false,
    "start": "2024-09-20T22:03:31.153Z",
    "end": "2024-09-20T22:08:40.458Z",
    "duration": 309305
  },
  "results": [
    {
      "uuid": "32c6afae-5b1c-454d-945c-086cea67ee98",
      "title": "",
      "fullFile": "cypress\\e2e\\telnyx.spec.js",
      "file": "cypress\\e2e\\telnyx.spec.js",
      "beforeHooks": [],
      "afterHooks": [],
      "tests": [],
      "suites": [
        {
          "uuid": "58b72587-9888-4439-9671-25ef1e82c2ef",
          "title": "telnyx check",
          "fullFile": "",
          "file": "",
          "beforeHooks": [],
          "afterHooks": [],
          "tests": [
            {
              "title": "sign up check",
              "fullTitle": "telnyx check sign up check",
              "timedOut": null,
              "duration": 0,
              "state": "pending",
              "speed": null,
              "pass": false,
              "fail": false,
              "pending": true,
              "context": null,
              "code": "mainPage.title.should(\"have.text\", \"Modular, resilient communications and connectivity\");\nmainPage.signUpButton.should(\"be.visible\").click();\nsignUpPage.title.should(\"have.text\", \"Create a Telnyx account\");\nsignUpPage.emailInput.type(emailForSignUp).focus().should(\"have.css\", \"border-color\", \"rgb(0, 163, 122)\");\ncy.wait(5000);\nsignUpPage.firstNameInput.type(firstName).focus().should(\"have.css\", \"border-color\", \"rgb(0, 163, 122)\");\nsignUpPage.lastNameInput.type(lastName).focus().should(\"have.css\", \"border-color\", \"rgb(0, 163, 122)\");\nsignUpPage.passwordInput.type(passwordForSignUp).focus().should(\"have.css\", \"border-color\", \"rgb(0, 163, 122)\");\nsignUpPage.agreementCheckBox.click();\nsignUpPage.submitButton.should(\"be.enabled\").click();\ncy.wait(5000);\nsignUpPage.lastStep.should(\"have.text\", \"One last step\");",
              "err": {},
              "uuid": "41f450b5-a590-4d2e-a32c-eee4d5e6136c",
              "parentUUID": "58b72587-9888-4439-9671-25ef1e82c2ef",
              "isHook": false,
              "skipped": false
            },
            {
              "title": "log in check",
              "fullTitle": "telnyx check log in check",
              "timedOut": null,
              "duration": 0,
              "state": "pending",
              "speed": null,
              "pass": false,
              "fail": false,
              "pending": true,
              "context": null,
              "code": "mainPage.loginButton.should(\"be.visible\").should(\"have.attr\", \"target\", \"_blank\").invoke(\"removeAttr\", \"target\").click();\ncy.url().should(\"include\", \"/login/sign-in\");\nloginPage.title.should(\"be.visible\").should(\"have.text\", \"Log in\");\nloginPage.labelForEmail.should(\"be.visible\").should(\"have.text\", \"Business Email *\");\nloginPage.emailInput.should(\"be.visible\").type(email).should(\"have.attr\", \"aria-invalid\", \"false\");\nloginPage.labelForPassword.should(\"be.visible\").should(\"have.text\", \"Password *\");\nloginPage.passwordInput.should(\"be.visible\").type(password).should(\"have.attr\", \"aria-invalid\", \"false\");\nloginPage.loginButton.should(\"be.visible\").should(\"be.enabled\").click();\nhomePage.title.should(\"have.text\", \"Log in\");\nhomePage.setUpLater.should(\"be.visible\").should(\"have.text\", \"Set Up Later\").click();\nhomePage.welcomeTitle.should(\"be.visible\").should(\"have.text\", \"Welcome to Telnyx!\");",
              "err": {},
              "uuid": "7b9a1ec0-302a-45a7-8682-28f28ee4a7a5",
              "parentUUID": "58b72587-9888-4439-9671-25ef1e82c2ef",
              "isHook": false,
              "skipped": false
            },
            {
              "title": "log out check",
              "fullTitle": "telnyx check log out check",
              "timedOut": null,
              "duration": 0,
              "state": "pending",
              "speed": null,
              "pass": false,
              "fail": false,
              "pending": true,
              "context": null,
              "code": "mainPage.loginButton.should(\"be.visible\").should(\"have.attr\", \"target\", \"_blank\").invoke(\"removeAttr\", \"target\").click();\ncy.url().should(\"include\", \"/login/sign-in\");\nloginPage.title.should(\"be.visible\").should(\"have.text\", \"Log in\");\nloginPage.labelForEmail.should(\"be.visible\").should(\"have.text\", \"Business Email *\");\nloginPage.emailInput.should(\"be.visible\").type(email).should(\"have.attr\", \"aria-invalid\", \"false\");\ncy.wait(5000);\nloginPage.labelForPassword.should(\"be.visible\").should(\"have.text\", \"Password *\");\nloginPage.passwordInput.should(\"be.visible\").type(password).should(\"have.attr\", \"aria-invalid\", \"false\");\nloginPage.loginButton.should(\"be.visible\").should(\"be.enabled\").click();\ncy.wait(5000);\nhomePage.title.should(\"have.text\", \"Log in\");\nhomePage.setUpLater.should(\"be.visible\").should(\"have.text\", \"Set Up Later\").click();\nhomePage.welcomeTitle.should(\"be.visible\").should(\"have.text\", \"Welcome to Telnyx!\");\nhomePage.avatarCircle.should(\"be.visible\").trigger(\"mouseover\");\nhomePage.dropDownMenu.should(\"be.visible\");\nhomePage.signOutLink.should(\"be.visible\").click();\nloginPage.title.should(\"be.visible\").should(\"have.text\", \"Log in\");",
              "err": {},
              "uuid": "820c0d2d-5d89-42b6-ab01-ca51b9ddef14",
              "parentUUID": "58b72587-9888-4439-9671-25ef1e82c2ef",
              "isHook": false,
              "skipped": false
            },
            {
              "title": "password reset",
              "fullTitle": "telnyx check password reset",
              "timedOut": null,
              "duration": 54685,
              "state": "passed",
              "speed": "slow",
              "pass": true,
              "fail": false,
              "pending": false,
              "context": null,
              "code": "mainPage.loginButton.should(\"be.visible\").should(\"have.attr\", \"target\", \"_blank\").invoke(\"removeAttr\", \"target\").click();\nloginPage.title.should(\"be.visible\").should(\"have.text\", \"Log in\");\nloginPage.forgotPassword.should(\"be.visible\").should(\"have.text\", \"Forgot your password?\").click();\nloginPage.passwordReset.should(\"be.visible\").should(\"have.text\", \"Password Reset\");\nloginPage.labelForEmail.should(\"be.visible\").should(\"have.text\", \"Your Email Address *\");\nloginPage.emailInput.should(\"be.visible\").type(email).should(\"have.attr\", \"aria-invalid\", \"false\");\nloginPage.resetButton.should(\"be.visible\").should(\"be.enabled\").click();\nloginPage.resetMessage.should(\"be.visible\").should(\"have.text\", \"We have accepted your password reset request. If you have a Telnyx account and are unable to reset your password successfully, please contact support for assistance.\");",
              "err": {},
              "uuid": "a076d43c-e2b7-41a6-b8aa-2e0bc88fdc44",
              "parentUUID": "58b72587-9888-4439-9671-25ef1e82c2ef",
              "isHook": false,
              "skipped": false
            },
            {
              "title": "sign up for our marketing newsletter",
              "fullTitle": "telnyx check sign up for our marketing newsletter",
              "timedOut": null,
              "duration": 35770,
              "state": "passed",
              "speed": "slow",
              "pass": true,
              "fail": false,
              "pending": false,
              "context": null,
              "code": "cy.get(\"body\").invoke(\"css\", \"overflow\", \"visible\");\nmainPage.connectWithUs.scrollIntoView({\n  behavior: \"smooth\",\n  block: \"center\"\n}).should(\"be.visible\");\nmainPage.emailInput.should(\"be.visible\").should(\"have.attr\", \"placeholder\", \"Enter business email\").type(email).focus().should(\"have.css\", \"border-color\", \"rgb(0, 163, 122)\");\nmainPage.submitButton.should(\"be.visible\").should(\"be.enabled\").click();\nsignUpPage.title.should(\"have.text\", \"Create a Telnyx account\");\ncy.get(\"body\").invoke(\"css\", \"overflow\", \"\");",
              "err": {},
              "uuid": "a1f50117-c9e2-4afa-9f2a-27f2e270e83a",
              "parentUUID": "58b72587-9888-4439-9671-25ef1e82c2ef",
              "isHook": false,
              "skipped": false
            },
            {
              "title": "check LinkedIn redirecting",
              "fullTitle": "telnyx check check LinkedIn redirecting",
              "timedOut": null,
              "duration": 33353,
              "state": "passed",
              "speed": "slow",
              "pass": true,
              "fail": false,
              "pending": false,
              "context": null,
              "code": "mainPage.socialMedia.scrollIntoView({\n  behavior: \"smooth\",\n  block: \"center\"\n}).should(\"be.visible\", {\n  timeout: 15000\n});\ncy.wait(5000);\nmainPage.linkedIn.should(\"be.visible\").should(\"have.attr\", \"target\", \"_blank\").invoke(\"removeAttr\", \"target\").click();\ncy.origin(\"https://www.linkedin.com\", () => {\n  cy.url().should(\"include\", \"linkedin.com/company/telnyx/\", {\n    timeout: 15000\n  });\n});",
              "err": {},
              "uuid": "94577ecf-5c09-4218-8573-ad31793b715b",
              "parentUUID": "58b72587-9888-4439-9671-25ef1e82c2ef",
              "isHook": false,
              "skipped": false
            },
            {
              "title": "check X redirecting",
              "fullTitle": "telnyx check check X redirecting",
              "timedOut": null,
              "duration": 24590,
              "state": "passed",
              "speed": "slow",
              "pass": true,
              "fail": false,
              "pending": false,
              "context": null,
              "code": "mainPage.socialMedia.scrollIntoView({\n  behavior: \"smooth\",\n  block: \"center\"\n}).should(\"be.visible\", {\n  timeout: 15000\n});\nmainPage.X.should(\"be.visible\").should(\"have.attr\", \"target\", \"_blank\").invoke(\"removeAttr\", \"target\").click();\ncy.origin(\"https://x.com/telnyx\", () => {\n  cy.url().should(\"include\", \"x.com/telnyx\", {\n    timeout: 15000\n  });\n});",
              "err": {},
              "uuid": "4471e64f-1bbf-4028-85f5-991faeac60d3",
              "parentUUID": "58b72587-9888-4439-9671-25ef1e82c2ef",
              "isHook": false,
              "skipped": false
            },
            {
              "title": "check Facebook redirecting",
              "fullTitle": "telnyx check check Facebook redirecting",
              "timedOut": null,
              "duration": 20402,
              "state": "passed",
              "speed": "slow",
              "pass": true,
              "fail": false,
              "pending": false,
              "context": null,
              "code": "mainPage.socialMedia.scrollIntoView({\n  behavior: \"smooth\",\n  block: \"center\"\n}).should(\"be.visible\", {\n  timeout: 15000\n});\nmainPage.fB.should(\"be.visible\").should(\"have.attr\", \"target\", \"_blank\").invoke(\"removeAttr\", \"target\").click();\ncy.origin(\"https://www.facebook.com/Telnyx/\", () => {\n  cy.url().should(\"include\", \"facebook.com/Telnyx/\", {\n    timeout: 15000\n  });\n});",
              "err": {},
              "uuid": "b4cbf5f3-9cfd-4795-a72b-540dceba038f",
              "parentUUID": "58b72587-9888-4439-9671-25ef1e82c2ef",
              "isHook": false,
              "skipped": false
            },
            {
              "title": "check solutions link",
              "fullTitle": "telnyx check check solutions link",
              "timedOut": null,
              "duration": 6634,
              "state": "passed",
              "speed": "medium",
              "pass": true,
              "fail": false,
              "pending": false,
              "context": null,
              "code": "mainPage.solutionsLink.should(\"be.visible\").click();\nmainPage.solutionsLink.should(\"be.visible\").should(\"have.text\", \"Solutions\");",
              "err": {},
              "uuid": "b696f90f-723d-4b64-9a1a-d051486623c7",
              "parentUUID": "58b72587-9888-4439-9671-25ef1e82c2ef",
              "isHook": false,
              "skipped": false
            },
            {
              "title": "check return to main page",
              "fullTitle": "telnyx check check return to main page",
              "timedOut": null,
              "duration": 8562,
              "state": "passed",
              "speed": "medium",
              "pass": true,
              "fail": false,
              "pending": false,
              "context": null,
              "code": "mainPage.solutionsLink.should(\"be.visible\").click();\nmainPage.solutionsLink.should(\"be.visible\").should(\"have.text\", \"Solutions\");\nmainPage.logo.find(\"a[href='/']\").should(\"exist\").click();",
              "err": {},
              "uuid": "a965706a-5d5c-4d76-82d5-2ef34852ef15",
              "parentUUID": "58b72587-9888-4439-9671-25ef1e82c2ef",
              "isHook": false,
              "skipped": false
            }
          ],
          "suites": [],
          "passes": [
            "a076d43c-e2b7-41a6-b8aa-2e0bc88fdc44",
            "a1f50117-c9e2-4afa-9f2a-27f2e270e83a",
            "94577ecf-5c09-4218-8573-ad31793b715b",
            "4471e64f-1bbf-4028-85f5-991faeac60d3",
            "b4cbf5f3-9cfd-4795-a72b-540dceba038f",
            "b696f90f-723d-4b64-9a1a-d051486623c7",
            "a965706a-5d5c-4d76-82d5-2ef34852ef15"
          ],
          "failures": [],
          "pending": [
            "41f450b5-a590-4d2e-a32c-eee4d5e6136c",
            "7b9a1ec0-302a-45a7-8682-28f28ee4a7a5",
            "820c0d2d-5d89-42b6-ab01-ca51b9ddef14"
          ],
          "skipped": [],
          "duration": 183996,
          "root": false,
          "rootEmpty": false,
          "_timeout": 2000
        }
      ],
      "passes": [],
      "failures": [],
      "pending": [],
      "skipped": [],
      "duration": 0,
      "root": true,
      "rootEmpty": true,
      "_timeout": 2000
    }
  ],
  "meta": {
    "mocha": {
      "version": "7.0.1"
    },
    "mochawesome": {
      "options": {
        "quiet": false,
        "reportFilename": "mochawesome",
        "saveHtml": false,
        "saveJson": true,
        "consoleReporter": "spec",
        "useInlineDiffs": false,
        "code": true
      },
      "version": "7.1.3"
    },
    "marge": {
      "options": {
        "reportDir": "cypress/results",
        "overwrite": false,
        "html": false,
        "json": true
      },
      "version": "6.2.0"
    }
  }
}